 i   Region   Neutral Density (#/m3)  Ionization Density  Ionization Rate (#/s)

     1        1         0.00000E+00             0.00000E+00             0.00000E+00

                 Total       Collided      Uncollided

     1-->    5:   0.00000E+00   0.00000E+00   0.00000E+00
     1-->    2:   0.00000E+00   0.00000E+00   0.00000E+00
     1-->    3:   0.00000E+00   0.00000E+00   0.00000E+00
     1-->    5:   0.00000E+00   0.00000E+00   0.00000E+00
     2-->    1:   0.00000E+00   0.00000E+00   0.00000E+00
     3-->    1:   0.00000E+00   0.00000E+00   0.00000E+00
     4-->    0:   0.00000E+00   0.00000E+00   0.00000E+00
     5-->    1:   0.00000E+00   0.00000E+00   0.00000E+00

 Global Particle Balance
 Total external neutral flux =  0.00000E+00 #/s
 Total recycling ion flux    =  0.00000E+00 #/s
 Total volumetric source     =  0.00000E+00 #/s
 Lost to core plasma         =  0.00000E+00 #/s
 Wall absorption or pumping  =          NaN #/s
 Lost by ionization          =  0.00000E+00 #/s
 Total particles in          =  0.00000E+00 #/s
 Total particles out         =          NaN #/s
 Particle balance error      =      NaN %
 Exit code =  0
